\BOOKMARK [0][]{titlepage.0}{\376\377\134\001\227\142}{}% 1
\BOOKMARK [0][]{entitlepage.0}{\376\377\000T\000i\000t\000l\000e\000\040\000p\000a\000g\000e}{}% 2
\BOOKMARK [0][]{statement.0}{\376\377\133\146\117\115\213\272\145\207\123\237\122\033\140\047\130\360\146\016\124\214\133\146\117\115\213\272\145\207\162\110\147\103\117\177\165\050\143\210\147\103\116\146}{}% 3
\BOOKMARK [0][]{chapter.1}{\376\377\173\054\0001\172\340\000\040\000\040\176\352\000\040\213\272}{}% 4
\BOOKMARK [1][-]{section.1.1}{\376\377\0001\000.\0001\000\040\170\024\172\166\200\314\146\157\116\345\123\312\141\017\116\111}{chapter.1}% 5
\BOOKMARK [1][-]{section.1.2}{\376\377\0001\000.\0002\000\040\000C\000O\0002\143\125\203\267\142\200\147\057}{chapter.1}% 6
\BOOKMARK [2][-]{subsection.1.2.1}{\376\377\0001\000.\0002\000.\0001\000\040\151\202\217\360}{section.1.2}% 7
\BOOKMARK [0][]{chapter.2}{\376\377\173\054\0002\172\340\000\040\000\040\173\054\116\214\172\340}{}% 8
\BOOKMARK [1][-]{section.2.1}{\376\377\0002\000.\0001\000\040\173\054\116\000\202\202}{chapter.2}% 9
\BOOKMARK [2][-]{subsection.2.1.1}{\376\377\0002\000.\0001\000.\0001\000\040\173\054\116\000\134\017\202\202}{section.2.1}% 10
\BOOKMARK [1][-]{section.2.2}{\376\377\0002\000.\0002\000\040\127\372\147\054\121\154\137\017}{chapter.2}% 11
\BOOKMARK [2][-]{subsection.2.2.1}{\376\377\0002\000.\0002\000.\0001\000\040\210\114\121\205\121\154\137\017}{section.2.2}% 12
\BOOKMARK [2][-]{subsection.2.2.2}{\376\377\0002\000.\0002\000.\0002\000\040\136\046\150\007\173\176\166\204\121\154\137\017}{section.2.2}% 13
\BOOKMARK [2][-]{subsection.2.2.3}{\376\377\0002\000.\0002\000.\0003\000\040\116\015\136\046\177\026\123\367\166\204\121\154\137\017}{section.2.2}% 14
\BOOKMARK [2][-]{subsection.2.2.4}{\376\377\0002\000.\0002\000.\0004\000\040\131\032\210\114\133\371\237\120\121\154\137\017}{section.2.2}% 15
\BOOKMARK [2][-]{subsection.2.2.5}{\376\377\0002\000.\0002\000.\0005\000\040\167\351\226\065\210\150\171\072}{section.2.2}% 16
\BOOKMARK [2][-]{subsection.2.2.6}{\376\377\0002\000.\0002\000.\0006\000\040\122\006\153\265\121\375\145\160}{section.2.2}% 17
\BOOKMARK [2][-]{subsection.2.2.7}{\376\377\0002\000.\0002\000.\0007\000\040\147\201\226\120\060\001\171\357\122\006\116\016\154\102\124\214}{section.2.2}% 18
\BOOKMARK [2][-]{subsection.2.2.8}{\376\377\0002\000.\0002\000.\0008\000\040\203\003\145\160\116\016\176\335\133\371\120\074}{section.2.2}% 19
\BOOKMARK [2][-]{subsection.2.2.9}{\376\377\0002\000.\0002\000.\0009\000\040\136\014\201\112\133\127\153\315\116\016\145\160\133\146\173\046\123\367}{section.2.2}% 20
\BOOKMARK [2][-]{subsection.2.2.10}{\376\377\0002\000.\0002\000.\0001\0000\000\040\173\227\154\325\131\015\147\102\136\246\173\046\123\367}{section.2.2}% 21
\BOOKMARK [2][-]{subsection.2.2.11}{\376\377\0002\000.\0002\000.\0001\0001\000\040\162\151\164\006\121\154\137\017\171\072\117\213}{section.2.2}% 22
\BOOKMARK [0][]{chapter*.10}{\376\377\176\323\000\040\213\272}{}% 23
\BOOKMARK [0][]{chapter*.11}{\376\377\123\302\200\003\145\207\163\056}{}% 24
\BOOKMARK [0][]{appendix.A}{\376\377\226\104\137\125\000\040\000A\000\040\000\040\000x\000x\000x\000x}{}% 25
\BOOKMARK [0][]{appendix*.12}{\376\377\145\073\213\373\133\146\117\115\147\037\225\364\166\204\133\146\147\057\142\020\147\234\142\026\133\236\215\365\142\020\147\234}{}% 26
\BOOKMARK [0][]{appendix*.13}{\376\377\201\364\000\040\214\042}{}% 27
\BOOKMARK [0][]{appendix*.14}{\376\377\173\124\217\251\131\324\124\130\117\032\124\015\123\125}{}% 28
